<?xml version="1.0" encoding="UTF-8"?>
<testsuite name="up.visulog.cli.TestCLILauncher" tests="1" skipped="0" failures="0" errors="0" timestamp="2020-09-17T10:33:20" hostname="openroam-prg-hf-1-132-149.net.univ-paris-diderot.fr" time="0.002">
  <properties/>
  <testcase name="testArgumentParser" classname="up.visulog.cli.TestCLILauncher" time="0.002"/>
  <system-out><![CDATA[]]></system-out>
  <system-err><![CDATA[]]></system-err>
</testsuite>
